Performing C SOURCE FILE Test CMAKE_HAVE_LIBC_PTHREAD failed with the following output:
Change Dir: /home/kjm/Vzense_SDK_Linux/Ubuntu18.04/catkin_ws/build/catkin_tools_prebuild/CMakeFiles/CMakeScratch/TryCompile-ED8C1X

Run Build Command(s):/usr/bin/make -f Makefile cmTC_1ec14/fast && /usr/bin/make  -f CMakeFiles/cmTC_1ec14.dir/build.make CMakeFiles/cmTC_1ec14.dir/build
make[1]: Entering directory '/home/kjm/Vzense_SDK_Linux/Ubuntu18.04/catkin_ws/build/catkin_tools_prebuild/CMakeFiles/CMakeScratch/TryCompile-ED8C1X'
Building C object CMakeFiles/cmTC_1ec14.dir/src.c.o
/usr/bin/cc -DCMAKE_HAVE_LIBC_PTHREAD   -o CMakeFiles/cmTC_1ec14.dir/src.c.o -c /home/kjm/Vzense_SDK_Linux/Ubuntu18.04/catkin_ws/build/catkin_tools_prebuild/CMakeFiles/CMakeScratch/TryCompile-ED8C1X/src.c
Linking C executable cmTC_1ec14
/home/kjm/.local/lib/python2.7/site-packages/cmake/data/bin/cmake -E cmake_link_script CMakeFiles/cmTC_1ec14.dir/link.txt --verbose=1
/usr/bin/cc -rdynamic CMakeFiles/cmTC_1ec14.dir/src.c.o -o cmTC_1ec14 
CMakeFiles/cmTC_1ec14.dir/src.c.o: In function `main':
src.c:(.text+0x3e): undefined reference to `pthread_create'
src.c:(.text+0x4a): undefined reference to `pthread_detach'
src.c:(.text+0x56): undefined reference to `pthread_cancel'
src.c:(.text+0x67): undefined reference to `pthread_join'
src.c:(.text+0x7b): undefined reference to `pthread_atfork'
collect2: error: ld returned 1 exit status
CMakeFiles/cmTC_1ec14.dir/build.make:98: recipe for target 'cmTC_1ec14' failed
make[1]: *** [cmTC_1ec14] Error 1
make[1]: Leaving directory '/home/kjm/Vzense_SDK_Linux/Ubuntu18.04/catkin_ws/build/catkin_tools_prebuild/CMakeFiles/CMakeScratch/TryCompile-ED8C1X'
Makefile:127: recipe for target 'cmTC_1ec14/fast' failed
make: *** [cmTC_1ec14/fast] Error 2


Source file was:
#include <pthread.h>

static void* test_func(void* data)
{
  return data;
}

int main(void)
{
  pthread_t thread;
  pthread_create(&thread, NULL, test_func, NULL);
  pthread_detach(thread);
  pthread_cancel(thread);
  pthread_join(thread, NULL);
  pthread_atfork(NULL, NULL, NULL);
  pthread_exit(NULL);

  return 0;
}


Determining if the function pthread_create exists in the pthreads failed with the following output:
Change Dir: /home/kjm/Vzense_SDK_Linux/Ubuntu18.04/catkin_ws/build/catkin_tools_prebuild/CMakeFiles/CMakeScratch/TryCompile-m0Hy5H

Run Build Command(s):/usr/bin/make -f Makefile cmTC_772ba/fast && /usr/bin/make  -f CMakeFiles/cmTC_772ba.dir/build.make CMakeFiles/cmTC_772ba.dir/build
make[1]: Entering directory '/home/kjm/Vzense_SDK_Linux/Ubuntu18.04/catkin_ws/build/catkin_tools_prebuild/CMakeFiles/CMakeScratch/TryCompile-m0Hy5H'
Building C object CMakeFiles/cmTC_772ba.dir/CheckFunctionExists.c.o
/usr/bin/cc   -DCHECK_FUNCTION_EXISTS=pthread_create -o CMakeFiles/cmTC_772ba.dir/CheckFunctionExists.c.o -c /home/kjm/Vzense_SDK_Linux/Ubuntu18.04/catkin_ws/build/catkin_tools_prebuild/CMakeFiles/CMakeScratch/TryCompile-m0Hy5H/CheckFunctionExists.c
Linking C executable cmTC_772ba
/home/kjm/.local/lib/python2.7/site-packages/cmake/data/bin/cmake -E cmake_link_script CMakeFiles/cmTC_772ba.dir/link.txt --verbose=1
/usr/bin/cc  -DCHECK_FUNCTION_EXISTS=pthread_create -rdynamic CMakeFiles/cmTC_772ba.dir/CheckFunctionExists.c.o -o cmTC_772ba  -lpthreads 
/usr/bin/ld: cannot find -lpthreads
collect2: error: ld returned 1 exit status
CMakeFiles/cmTC_772ba.dir/build.make:98: recipe for target 'cmTC_772ba' failed
make[1]: *** [cmTC_772ba] Error 1
make[1]: Leaving directory '/home/kjm/Vzense_SDK_Linux/Ubuntu18.04/catkin_ws/build/catkin_tools_prebuild/CMakeFiles/CMakeScratch/TryCompile-m0Hy5H'
Makefile:127: recipe for target 'cmTC_772ba/fast' failed
make: *** [cmTC_772ba/fast] Error 2



