Performing C SOURCE FILE Test CMAKE_HAVE_LIBC_PTHREAD failed with the following output:
Change Dir: /home/kjm/Vzense_SDK_Linux/Ubuntu18.04/catkin_ws/build/vzense_camera/CMakeFiles/CMakeScratch/TryCompile-iPhhVC

Run Build Command(s):/usr/bin/make -f Makefile cmTC_9e12c/fast && /usr/bin/make  -f CMakeFiles/cmTC_9e12c.dir/build.make CMakeFiles/cmTC_9e12c.dir/build
make[1]: Entering directory '/home/kjm/Vzense_SDK_Linux/Ubuntu18.04/catkin_ws/build/vzense_camera/CMakeFiles/CMakeScratch/TryCompile-iPhhVC'
Building C object CMakeFiles/cmTC_9e12c.dir/src.c.o
/usr/bin/cc -DCMAKE_HAVE_LIBC_PTHREAD   -o CMakeFiles/cmTC_9e12c.dir/src.c.o -c /home/kjm/Vzense_SDK_Linux/Ubuntu18.04/catkin_ws/build/vzense_camera/CMakeFiles/CMakeScratch/TryCompile-iPhhVC/src.c
Linking C executable cmTC_9e12c
/home/kjm/.local/lib/python2.7/site-packages/cmake/data/bin/cmake -E cmake_link_script CMakeFiles/cmTC_9e12c.dir/link.txt --verbose=1
/usr/bin/cc -rdynamic CMakeFiles/cmTC_9e12c.dir/src.c.o -o cmTC_9e12c 
CMakeFiles/cmTC_9e12c.dir/src.c.o: In function `main':
src.c:(.text+0x3e): undefined reference to `pthread_create'
src.c:(.text+0x4a): undefined reference to `pthread_detach'
src.c:(.text+0x56): undefined reference to `pthread_cancel'
src.c:(.text+0x67): undefined reference to `pthread_join'
src.c:(.text+0x7b): undefined reference to `pthread_atfork'
collect2: error: ld returned 1 exit status
CMakeFiles/cmTC_9e12c.dir/build.make:98: recipe for target 'cmTC_9e12c' failed
make[1]: *** [cmTC_9e12c] Error 1
make[1]: Leaving directory '/home/kjm/Vzense_SDK_Linux/Ubuntu18.04/catkin_ws/build/vzense_camera/CMakeFiles/CMakeScratch/TryCompile-iPhhVC'
Makefile:127: recipe for target 'cmTC_9e12c/fast' failed
make: *** [cmTC_9e12c/fast] Error 2


Source file was:
#include <pthread.h>

static void* test_func(void* data)
{
  return data;
}

int main(void)
{
  pthread_t thread;
  pthread_create(&thread, NULL, test_func, NULL);
  pthread_detach(thread);
  pthread_cancel(thread);
  pthread_join(thread, NULL);
  pthread_atfork(NULL, NULL, NULL);
  pthread_exit(NULL);

  return 0;
}


Determining if the function pthread_create exists in the pthreads failed with the following output:
Change Dir: /home/kjm/Vzense_SDK_Linux/Ubuntu18.04/catkin_ws/build/vzense_camera/CMakeFiles/CMakeScratch/TryCompile-Kz13at

Run Build Command(s):/usr/bin/make -f Makefile cmTC_73a97/fast && /usr/bin/make  -f CMakeFiles/cmTC_73a97.dir/build.make CMakeFiles/cmTC_73a97.dir/build
make[1]: Entering directory '/home/kjm/Vzense_SDK_Linux/Ubuntu18.04/catkin_ws/build/vzense_camera/CMakeFiles/CMakeScratch/TryCompile-Kz13at'
Building C object CMakeFiles/cmTC_73a97.dir/CheckFunctionExists.c.o
/usr/bin/cc   -DCHECK_FUNCTION_EXISTS=pthread_create -o CMakeFiles/cmTC_73a97.dir/CheckFunctionExists.c.o -c /home/kjm/Vzense_SDK_Linux/Ubuntu18.04/catkin_ws/build/vzense_camera/CMakeFiles/CMakeScratch/TryCompile-Kz13at/CheckFunctionExists.c
Linking C executable cmTC_73a97
/home/kjm/.local/lib/python2.7/site-packages/cmake/data/bin/cmake -E cmake_link_script CMakeFiles/cmTC_73a97.dir/link.txt --verbose=1
/usr/bin/cc  -DCHECK_FUNCTION_EXISTS=pthread_create -rdynamic CMakeFiles/cmTC_73a97.dir/CheckFunctionExists.c.o -o cmTC_73a97  -lpthreads 
/usr/bin/ld: cannot find -lpthreads
collect2: error: ld returned 1 exit status
CMakeFiles/cmTC_73a97.dir/build.make:98: recipe for target 'cmTC_73a97' failed
make[1]: *** [cmTC_73a97] Error 1
make[1]: Leaving directory '/home/kjm/Vzense_SDK_Linux/Ubuntu18.04/catkin_ws/build/vzense_camera/CMakeFiles/CMakeScratch/TryCompile-Kz13at'
Makefile:127: recipe for target 'cmTC_73a97/fast' failed
make: *** [cmTC_73a97/fast] Error 2



